{"C:\\Users\\vtata\\Desktop\\Front-End\\EStoreFrontEnd\\src\\App.tsx": {"path":"C:\\Users\\vtata\\Desktop\\Front-End\\EStoreFrontEnd\\src\\App.tsx","statementMap":{"0":{"start":{"line":13,"column":19},"end":{"line":13,"column":45}},"1":{"start":{"line":15,"column":39},"end":{"line":15,"column":94}},"2":{"start":{"line":15,"column":73},"end":{"line":15,"column":93}},"3":{"start":{"line":17,"column":37},"end":{"line":17,"column":98}},"4":{"start":{"line":17,"column":71},"end":{"line":17,"column":97}},"5":{"start":{"line":19,"column":47},"end":{"line":19,"column":71}},"6":{"start":{"line":21,"column":2},"end":{"line":25,"column":35}},"7":{"start":{"line":22,"column":4},"end":{"line":24,"column":5}},"8":{"start":{"line":23,"column":6},"end":{"line":23,"column":41}},"9":{"start":{"line":27,"column":2},"end":{"line":32,"column":27}},"10":{"start":{"line":28,"column":4},"end":{"line":31,"column":5}},"11":{"start":{"line":29,"column":6},"end":{"line":29,"column":31}},"12":{"start":{"line":30,"column":6},"end":{"line":30,"column":46}},"13":{"start":{"line":34,"column":2},"end":{"line":40,"column":3}},"14":{"start":{"line":35,"column":4},"end":{"line":39,"column":6}},"15":{"start":{"line":42,"column":2},"end":{"line":48,"column":3}},"16":{"start":{"line":43,"column":4},"end":{"line":47,"column":6}},"17":{"start":{"line":50,"column":2},"end":{"line":59,"column":4}}},"fnMap":{"0":{"name":"App","decl":{"start":{"line":12,"column":9},"end":{"line":12,"column":12}},"loc":{"start":{"line":12,"column":15},"end":{"line":60,"column":1}},"line":12},"1":{"name":"(anonymous_1)","decl":{"start":{"line":15,"column":51},"end":{"line":15,"column":52}},"loc":{"start":{"line":15,"column":73},"end":{"line":15,"column":93}},"line":15},"2":{"name":"(anonymous_2)","decl":{"start":{"line":17,"column":49},"end":{"line":17,"column":50}},"loc":{"start":{"line":17,"column":71},"end":{"line":17,"column":97}},"line":17},"3":{"name":"(anonymous_3)","decl":{"start":{"line":21,"column":12},"end":{"line":21,"column":13}},"loc":{"start":{"line":21,"column":18},"end":{"line":25,"column":3}},"line":21},"4":{"name":"(anonymous_4)","decl":{"start":{"line":27,"column":12},"end":{"line":27,"column":13}},"loc":{"start":{"line":27,"column":18},"end":{"line":32,"column":3}},"line":27}},"branchMap":{"0":{"loc":{"start":{"line":22,"column":4},"end":{"line":24,"column":5}},"type":"if","locations":[{"start":{"line":22,"column":4},"end":{"line":24,"column":5}},{"start":{},"end":{}}],"line":22},"1":{"loc":{"start":{"line":22,"column":8},"end":{"line":22,"column":41}},"type":"binary-expr","locations":[{"start":{"line":22,"column":8},"end":{"line":22,"column":29}},{"start":{"line":22,"column":33},"end":{"line":22,"column":41}}],"line":22},"2":{"loc":{"start":{"line":28,"column":4},"end":{"line":31,"column":5}},"type":"if","locations":[{"start":{"line":28,"column":4},"end":{"line":31,"column":5}},{"start":{},"end":{}}],"line":28},"3":{"loc":{"start":{"line":28,"column":8},"end":{"line":28,"column":60}},"type":"binary-expr","locations":[{"start":{"line":28,"column":8},"end":{"line":28,"column":29}},{"start":{"line":28,"column":33},"end":{"line":28,"column":41}},{"start":{"line":28,"column":45},"end":{"line":28,"column":60}}],"line":28},"4":{"loc":{"start":{"line":34,"column":2},"end":{"line":40,"column":3}},"type":"if","locations":[{"start":{"line":34,"column":2},"end":{"line":40,"column":3}},{"start":{},"end":{}}],"line":34},"5":{"loc":{"start":{"line":34,"column":6},"end":{"line":34,"column":33}},"type":"binary-expr","locations":[{"start":{"line":34,"column":6},"end":{"line":34,"column":13}},{"start":{"line":34,"column":17},"end":{"line":34,"column":33}}],"line":34},"6":{"loc":{"start":{"line":42,"column":2},"end":{"line":48,"column":3}},"type":"if","locations":[{"start":{"line":42,"column":2},"end":{"line":48,"column":3}},{"start":{},"end":{}}],"line":42}},"s":{"0":10,"1":10,"2":16,"3":10,"4":16,"5":10,"6":10,"7":6,"8":4,"9":10,"10":6,"11":4,"12":4,"13":10,"14":1,"15":9,"16":8,"17":1},"f":{"0":10,"1":16,"2":16,"3":6,"4":6},"b":{"0":[4,2],"1":[6,5],"2":[4,2],"3":[6,5,4],"4":[1,9],"5":[10,9],"6":[8,1]},"_coverageSchema":"1a1c01bbd47fc00a2c39e90264f33305004495a9","hash":"d52016564b1e3501a35cf47040a792e19a43284a"}
,"C:\\Users\\vtata\\Desktop\\Front-End\\EStoreFrontEnd\\src\\main.tsx": {"path":"C:\\Users\\vtata\\Desktop\\Front-End\\EStoreFrontEnd\\src\\main.tsx","statementMap":{"0":{"start":{"line":13,"column":0},"end":{"line":19,"column":1}}},"fnMap":{},"branchMap":{},"s":{"0":0},"f":{},"b":{}}
,"C:\\Users\\vtata\\Desktop\\Front-End\\EStoreFrontEnd\\src\\api\\ProductsApiService.ts": {"path":"C:\\Users\\vtata\\Desktop\\Front-End\\EStoreFrontEnd\\src\\api\\ProductsApiService.ts","statementMap":{"0":{"start":{"line":5,"column":17},"end":{"line":5,"column":53}},"1":{"start":{"line":10,"column":29},"end":{"line":10,"column":65}},"2":{"start":{"line":11,"column":12},"end":{"line":11,"column":33}},"3":{"start":{"line":15,"column":12},"end":{"line":15,"column":74}},"4":{"start":{"line":19,"column":8},"end":{"line":19,"column":79}},"5":{"start":{"line":23,"column":8},"end":{"line":23,"column":96}},"6":{"start":{"line":27,"column":8},"end":{"line":27,"column":84}},"7":{"start":{"line":31,"column":8},"end":{"line":31,"column":89}},"8":{"start":{"line":35,"column":29},"end":{"line":35,"column":86}},"9":{"start":{"line":36,"column":12},"end":{"line":40,"column":14}}},"fnMap":{"0":{"name":"(anonymous_0)","decl":{"start":{"line":9,"column":4},"end":{"line":9,"column":5}},"loc":{"start":{"line":9,"column":81},"end":{"line":12,"column":5}},"line":9},"1":{"name":"(anonymous_1)","decl":{"start":{"line":14,"column":4},"end":{"line":14,"column":5}},"loc":{"start":{"line":14,"column":71},"end":{"line":16,"column":5}},"line":14},"2":{"name":"(anonymous_2)","decl":{"start":{"line":18,"column":4},"end":{"line":18,"column":5}},"loc":{"start":{"line":18,"column":82},"end":{"line":20,"column":5}},"line":18},"3":{"name":"(anonymous_3)","decl":{"start":{"line":22,"column":4},"end":{"line":22,"column":5}},"loc":{"start":{"line":22,"column":97},"end":{"line":24,"column":5}},"line":22},"4":{"name":"(anonymous_4)","decl":{"start":{"line":26,"column":4},"end":{"line":26,"column":5}},"loc":{"start":{"line":26,"column":84},"end":{"line":28,"column":5}},"line":26},"5":{"name":"(anonymous_5)","decl":{"start":{"line":30,"column":4},"end":{"line":30,"column":5}},"loc":{"start":{"line":30,"column":92},"end":{"line":32,"column":5}},"line":30},"6":{"name":"(anonymous_6)","decl":{"start":{"line":34,"column":4},"end":{"line":34,"column":5}},"loc":{"start":{"line":34,"column":73},"end":{"line":41,"column":5}},"line":34}},"branchMap":{},"s":{"0":1,"1":5,"2":5,"3":1,"4":1,"5":1,"6":1,"7":1,"8":2,"9":1},"f":{"0":5,"1":1,"2":1,"3":1,"4":1,"5":1,"6":2},"b":{},"_coverageSchema":"1a1c01bbd47fc00a2c39e90264f33305004495a9","hash":"8d058352b9bc21b396d31a406349c75af7672302"}
,"C:\\Users\\vtata\\Desktop\\Front-End\\EStoreFrontEnd\\src\\components\\Layout\\Layout.tsx": {"path":"C:\\Users\\vtata\\Desktop\\Front-End\\EStoreFrontEnd\\src\\components\\Layout\\Layout.tsx","statementMap":{"0":{"start":{"line":8,"column":45},"end":{"line":14,"column":1}},"1":{"start":{"line":10,"column":2},"end":{"line":13,"column":13}}},"fnMap":{"0":{"name":"(anonymous_0)","decl":{"start":{"line":8,"column":45},"end":{"line":8,"column":46}},"loc":{"start":{"line":8,"column":63},"end":{"line":14,"column":1}},"line":8}},"branchMap":{},"s":{"0":3,"1":2},"f":{"0":2},"b":{},"_coverageSchema":"1a1c01bbd47fc00a2c39e90264f33305004495a9","hash":"f15bb589f60165ddcfb7f440d60d0a33da814875"}
,"C:\\Users\\vtata\\Desktop\\Front-End\\EStoreFrontEnd\\src\\components\\Navbar\\Navbar.tsx": {"path":"C:\\Users\\vtata\\Desktop\\Front-End\\EStoreFrontEnd\\src\\components\\Navbar\\Navbar.tsx","statementMap":{"0":{"start":{"line":5,"column":15},"end":{"line":55,"column":1}},"1":{"start":{"line":7,"column":4},"end":{"line":54,"column":5}}},"fnMap":{"0":{"name":"(anonymous_0)","decl":{"start":{"line":5,"column":15},"end":{"line":5,"column":16}},"loc":{"start":{"line":5,"column":21},"end":{"line":55,"column":1}},"line":5}},"branchMap":{},"s":{"0":3,"1":4},"f":{"0":4},"b":{},"_coverageSchema":"1a1c01bbd47fc00a2c39e90264f33305004495a9","hash":"2be6038fbdcfe09aa0e833f25af5bcb722518f23"}
,"C:\\Users\\vtata\\Desktop\\Front-End\\EStoreFrontEnd\\src\\components\\ProductDetail\\ProductDetail.tsx": {"path":"C:\\Users\\vtata\\Desktop\\Front-End\\EStoreFrontEnd\\src\\components\\ProductDetail\\ProductDetail.tsx","statementMap":{"0":{"start":{"line":12,"column":22},"end":{"line":207,"column":1}},"1":{"start":{"line":13,"column":21},"end":{"line":13,"column":47}},"2":{"start":{"line":14,"column":20},"end":{"line":14,"column":48}},"3":{"start":{"line":15,"column":34},"end":{"line":15,"column":66}},"4":{"start":{"line":16,"column":34},"end":{"line":16,"column":58}},"5":{"start":{"line":17,"column":30},"end":{"line":17,"column":50}},"6":{"start":{"line":18,"column":38},"end":{"line":18,"column":102}},"7":{"start":{"line":18,"column":72},"end":{"line":18,"column":101}},"8":{"start":{"line":19,"column":38},"end":{"line":19,"column":102}},"9":{"start":{"line":19,"column":72},"end":{"line":19,"column":101}},"10":{"start":{"line":20,"column":35},"end":{"line":20,"column":97}},"11":{"start":{"line":20,"column":69},"end":{"line":20,"column":96}},"12":{"start":{"line":22,"column":4},"end":{"line":26,"column":11}},"13":{"start":{"line":23,"column":8},"end":{"line":25,"column":9}},"14":{"start":{"line":24,"column":12},"end":{"line":24,"column":67}},"15":{"start":{"line":28,"column":4},"end":{"line":33,"column":61}},"16":{"start":{"line":29,"column":8},"end":{"line":29,"column":37}},"17":{"start":{"line":30,"column":8},"end":{"line":30,"column":37}},"18":{"start":{"line":31,"column":8},"end":{"line":31,"column":33}},"19":{"start":{"line":32,"column":8},"end":{"line":32,"column":45}},"20":{"start":{"line":35,"column":20},"end":{"line":39,"column":5}},"21":{"start":{"line":36,"column":8},"end":{"line":38,"column":10}},"22":{"start":{"line":41,"column":18},"end":{"line":45,"column":5}},"23":{"start":{"line":42,"column":8},"end":{"line":44,"column":10}},"24":{"start":{"line":47,"column":24},"end":{"line":194,"column":5}},"25":{"start":{"line":48,"column":42},"end":{"line":48,"column":61}},"26":{"start":{"line":50,"column":32},"end":{"line":52,"column":9}},"27":{"start":{"line":51,"column":12},"end":{"line":51,"column":30}},"28":{"start":{"line":53,"column":8},"end":{"line":193,"column":10}},"29":{"start":{"line":59,"column":32},"end":{"line":64,"column":38}},"30":{"start":{"line":119,"column":47},"end":{"line":119,"column":73}},"31":{"start":{"line":127,"column":47},"end":{"line":127,"column":73}},"32":{"start":{"line":148,"column":44},"end":{"line":181,"column":50}},"33":{"start":{"line":169,"column":64},"end":{"line":172,"column":69}},"34":{"start":{"line":196,"column":4},"end":{"line":206,"column":5}}},"fnMap":{"0":{"name":"(anonymous_0)","decl":{"start":{"line":12,"column":22},"end":{"line":12,"column":23}},"loc":{"start":{"line":12,"column":28},"end":{"line":207,"column":1}},"line":12},"1":{"name":"(anonymous_1)","decl":{"start":{"line":18,"column":50},"end":{"line":18,"column":51}},"loc":{"start":{"line":18,"column":72},"end":{"line":18,"column":101}},"line":18},"2":{"name":"(anonymous_2)","decl":{"start":{"line":19,"column":50},"end":{"line":19,"column":51}},"loc":{"start":{"line":19,"column":72},"end":{"line":19,"column":101}},"line":19},"3":{"name":"(anonymous_3)","decl":{"start":{"line":20,"column":47},"end":{"line":20,"column":48}},"loc":{"start":{"line":20,"column":69},"end":{"line":20,"column":96}},"line":20},"4":{"name":"(anonymous_4)","decl":{"start":{"line":22,"column":14},"end":{"line":22,"column":15}},"loc":{"start":{"line":22,"column":20},"end":{"line":26,"column":5}},"line":22},"5":{"name":"(anonymous_5)","decl":{"start":{"line":28,"column":14},"end":{"line":28,"column":15}},"loc":{"start":{"line":28,"column":20},"end":{"line":33,"column":5}},"line":28},"6":{"name":"(anonymous_6)","decl":{"start":{"line":35,"column":20},"end":{"line":35,"column":21}},"loc":{"start":{"line":35,"column":26},"end":{"line":39,"column":5}},"line":35},"7":{"name":"(anonymous_7)","decl":{"start":{"line":41,"column":18},"end":{"line":41,"column":19}},"loc":{"start":{"line":41,"column":24},"end":{"line":45,"column":5}},"line":41},"8":{"name":"(anonymous_8)","decl":{"start":{"line":47,"column":24},"end":{"line":47,"column":25}},"loc":{"start":{"line":47,"column":30},"end":{"line":194,"column":5}},"line":47},"9":{"name":"(anonymous_9)","decl":{"start":{"line":50,"column":32},"end":{"line":50,"column":33}},"loc":{"start":{"line":50,"column":55},"end":{"line":52,"column":9}},"line":50},"10":{"name":"(anonymous_10)","decl":{"start":{"line":58,"column":80},"end":{"line":58,"column":81}},"loc":{"start":{"line":59,"column":32},"end":{"line":64,"column":38}},"line":59},"11":{"name":"(anonymous_11)","decl":{"start":{"line":119,"column":41},"end":{"line":119,"column":42}},"loc":{"start":{"line":119,"column":47},"end":{"line":119,"column":73}},"line":119},"12":{"name":"(anonymous_12)","decl":{"start":{"line":127,"column":41},"end":{"line":127,"column":42}},"loc":{"start":{"line":127,"column":47},"end":{"line":127,"column":73}},"line":127},"13":{"name":"(anonymous_13)","decl":{"start":{"line":147,"column":60},"end":{"line":147,"column":61}},"loc":{"start":{"line":148,"column":44},"end":{"line":181,"column":50}},"line":148},"14":{"name":"(anonymous_14)","decl":{"start":{"line":168,"column":79},"end":{"line":168,"column":80}},"loc":{"start":{"line":169,"column":64},"end":{"line":172,"column":69}},"line":169}},"branchMap":{"0":{"loc":{"start":{"line":23,"column":8},"end":{"line":25,"column":9}},"type":"if","locations":[{"start":{"line":23,"column":8},"end":{"line":25,"column":9}},{"start":{},"end":{}}],"line":23},"1":{"loc":{"start":{"line":58,"column":29},"end":{"line":65,"column":35}},"type":"cond-expr","locations":[{"start":{"line":58,"column":61},"end":{"line":65,"column":30}},{"start":{"line":65,"column":33},"end":{"line":65,"column":35}}],"line":58},"2":{"loc":{"start":{"line":73,"column":37},"end":{"line":73,"column":76}},"type":"cond-expr","locations":[{"start":{"line":73,"column":54},"end":{"line":73,"column":68}},{"start":{"line":73,"column":71},"end":{"line":73,"column":76}}],"line":73},"3":{"loc":{"start":{"line":79,"column":25},"end":{"line":83,"column":25}},"type":"binary-expr","locations":[{"start":{"line":79,"column":25},"end":{"line":79,"column":51}},{"start":{"line":80,"column":28},"end":{"line":82,"column":35}}],"line":79},"4":{"loc":{"start":{"line":98,"column":29},"end":{"line":105,"column":29}},"type":"binary-expr","locations":[{"start":{"line":98,"column":29},"end":{"line":98,"column":47}},{"start":{"line":98,"column":51},"end":{"line":98,"column":75}},{"start":{"line":98,"column":79},"end":{"line":98,"column":104}},{"start":{"line":98,"column":108},"end":{"line":98,"column":132}},{"start":{"line":99,"column":32},"end":{"line":104,"column":38}}],"line":98},"5":{"loc":{"start":{"line":118,"column":55},"end":{"line":118,"column":94}},"type":"cond-expr","locations":[{"start":{"line":118,"column":81},"end":{"line":118,"column":89}},{"start":{"line":118,"column":92},"end":{"line":118,"column":94}}],"line":118},"6":{"loc":{"start":{"line":126,"column":55},"end":{"line":126,"column":94}},"type":"cond-expr","locations":[{"start":{"line":126,"column":81},"end":{"line":126,"column":89}},{"start":{"line":126,"column":92},"end":{"line":126,"column":94}}],"line":126},"7":{"loc":{"start":{"line":135,"column":25},"end":{"line":140,"column":25}},"type":"binary-expr","locations":[{"start":{"line":135,"column":25},"end":{"line":135,"column":48}},{"start":{"line":136,"column":28},"end":{"line":139,"column":34}}],"line":135},"8":{"loc":{"start":{"line":142,"column":25},"end":{"line":188,"column":25}},"type":"binary-expr","locations":[{"start":{"line":142,"column":25},"end":{"line":142,"column":48}},{"start":{"line":143,"column":28},"end":{"line":187,"column":34}}],"line":142},"9":{"loc":{"start":{"line":146,"column":37},"end":{"line":185,"column":37}},"type":"cond-expr","locations":[{"start":{"line":147,"column":40},"end":{"line":182,"column":42}},{"start":{"line":184,"column":40},"end":{"line":184,"column":68}}],"line":146},"10":{"loc":{"start":{"line":171,"column":93},"end":{"line":171,"column":142}},"type":"cond-expr","locations":[{"start":{"line":171,"column":113},"end":{"line":171,"column":127}},{"start":{"line":171,"column":130},"end":{"line":171,"column":142}}],"line":171},"11":{"loc":{"start":{"line":198,"column":13},"end":{"line":204,"column":13}},"type":"cond-expr","locations":[{"start":{"line":199,"column":16},"end":{"line":199,"column":25}},{"start":{"line":200,"column":16},"end":{"line":204,"column":13}}],"line":198},"12":{"loc":{"start":{"line":200,"column":16},"end":{"line":204,"column":13}},"type":"cond-expr","locations":[{"start":{"line":201,"column":16},"end":{"line":201,"column":27}},{"start":{"line":203,"column":16},"end":{"line":203,"column":31}}],"line":200}},"s":{"0":3,"1":4,"2":4,"3":4,"4":4,"5":4,"6":4,"7":0,"8":4,"9":0,"10":4,"11":0,"12":4,"13":2,"14":0,"15":4,"16":2,"17":2,"18":2,"19":2,"20":4,"21":0,"22":4,"23":2,"24":4,"25":2,"26":2,"27":0,"28":2,"29":0,"30":0,"31":0,"32":0,"33":0,"34":4},"f":{"0":4,"1":0,"2":0,"3":0,"4":2,"5":2,"6":0,"7":2,"8":2,"9":0,"10":0,"11":0,"12":0,"13":0,"14":0},"b":{"0":[0,2],"1":[0,2],"2":[0,2],"3":[2,0],"4":[2,0,0,0,0],"5":[2,0],"6":[0,2],"7":[2,2],"8":[2,0],"9":[0,0],"10":[0,0],"11":[2,2],"12":[0,2]},"_coverageSchema":"1a1c01bbd47fc00a2c39e90264f33305004495a9","hash":"2135559164c4d3237af9ea146abb60d65996acfe"}
,"C:\\Users\\vtata\\Desktop\\Front-End\\EStoreFrontEnd\\src\\components\\ProductList\\ProductList.tsx": {"path":"C:\\Users\\vtata\\Desktop\\Front-End\\EStoreFrontEnd\\src\\components\\ProductList\\ProductList.tsx","statementMap":{"0":{"start":{"line":10,"column":20},"end":{"line":233,"column":1}},"1":{"start":{"line":11,"column":21},"end":{"line":11,"column":47}},"2":{"start":{"line":12,"column":36},"end":{"line":12,"column":59}},"3":{"start":{"line":13,"column":34},"end":{"line":13,"column":58}},"4":{"start":{"line":14,"column":30},"end":{"line":14,"column":50}},"5":{"start":{"line":15,"column":52},"end":{"line":15,"column":72}},"6":{"start":{"line":16,"column":32},"end":{"line":16,"column":52}},"7":{"start":{"line":17,"column":40},"end":{"line":17,"column":62}},"8":{"start":{"line":18,"column":41},"end":{"line":18,"column":105}},"9":{"start":{"line":18,"column":75},"end":{"line":18,"column":104}},"10":{"start":{"line":19,"column":38},"end":{"line":19,"column":101}},"11":{"start":{"line":19,"column":72},"end":{"line":19,"column":100}},"12":{"start":{"line":20,"column":35},"end":{"line":20,"column":96}},"13":{"start":{"line":20,"column":69},"end":{"line":20,"column":95}},"14":{"start":{"line":21,"column":51},"end":{"line":21,"column":122}},"15":{"start":{"line":21,"column":85},"end":{"line":21,"column":121}},"16":{"start":{"line":22,"column":48},"end":{"line":22,"column":118}},"17":{"start":{"line":22,"column":82},"end":{"line":22,"column":117}},"18":{"start":{"line":23,"column":45},"end":{"line":23,"column":113}},"19":{"start":{"line":23,"column":79},"end":{"line":23,"column":112}},"20":{"start":{"line":24,"column":47},"end":{"line":24,"column":114}},"21":{"start":{"line":24,"column":81},"end":{"line":24,"column":113}},"22":{"start":{"line":25,"column":44},"end":{"line":25,"column":110}},"23":{"start":{"line":25,"column":78},"end":{"line":25,"column":109}},"24":{"start":{"line":26,"column":41},"end":{"line":26,"column":105}},"25":{"start":{"line":26,"column":75},"end":{"line":26,"column":104}},"26":{"start":{"line":29,"column":4},"end":{"line":61,"column":216}},"27":{"start":{"line":31,"column":8},"end":{"line":60,"column":9}},"28":{"start":{"line":32,"column":12},"end":{"line":34,"column":13}},"29":{"start":{"line":33,"column":69},"end":{"line":33,"column":106}},"30":{"start":{"line":35,"column":12},"end":{"line":35,"column":47}},"31":{"start":{"line":36,"column":12},"end":{"line":36,"column":43}},"32":{"start":{"line":38,"column":13},"end":{"line":60,"column":9}},"33":{"start":{"line":39,"column":12},"end":{"line":39,"column":53}},"34":{"start":{"line":40,"column":12},"end":{"line":40,"column":51}},"35":{"start":{"line":41,"column":12},"end":{"line":41,"column":47}},"36":{"start":{"line":43,"column":13},"end":{"line":60,"column":9}},"37":{"start":{"line":44,"column":12},"end":{"line":44,"column":49}},"38":{"start":{"line":45,"column":12},"end":{"line":45,"column":47}},"39":{"start":{"line":46,"column":12},"end":{"line":46,"column":43}},"40":{"start":{"line":49,"column":12},"end":{"line":49,"column":43}},"41":{"start":{"line":50,"column":12},"end":{"line":50,"column":41}},"42":{"start":{"line":51,"column":12},"end":{"line":51,"column":37}},"43":{"start":{"line":52,"column":12},"end":{"line":59,"column":15}},"44":{"start":{"line":53,"column":16},"end":{"line":58,"column":19}},"45":{"start":{"line":54,"column":20},"end":{"line":56,"column":21}},"46":{"start":{"line":55,"column":24},"end":{"line":55,"column":69}},"47":{"start":{"line":57,"column":20},"end":{"line":57,"column":42}},"48":{"start":{"line":63,"column":29},"end":{"line":66,"column":5}},"49":{"start":{"line":64,"column":8},"end":{"line":64,"column":38}},"50":{"start":{"line":65,"column":8},"end":{"line":65,"column":74}},"51":{"start":{"line":68,"column":24},"end":{"line":71,"column":5}},"52":{"start":{"line":69,"column":8},"end":{"line":69,"column":25}},"53":{"start":{"line":70,"column":8},"end":{"line":70,"column":66}},"54":{"start":{"line":73,"column":26},"end":{"line":77,"column":5}},"55":{"start":{"line":74,"column":8},"end":{"line":74,"column":32}},"56":{"start":{"line":75,"column":8},"end":{"line":75,"column":22}},"57":{"start":{"line":76,"column":8},"end":{"line":76,"column":43}},"58":{"start":{"line":79,"column":20},"end":{"line":83,"column":5}},"59":{"start":{"line":80,"column":8},"end":{"line":82,"column":10}},"60":{"start":{"line":85,"column":18},"end":{"line":89,"column":5}},"61":{"start":{"line":86,"column":8},"end":{"line":88,"column":10}},"62":{"start":{"line":91,"column":25},"end":{"line":208,"column":5}},"63":{"start":{"line":92,"column":8},"end":{"line":207,"column":12}},"64":{"start":{"line":96,"column":24},"end":{"line":105,"column":25}},"65":{"start":{"line":100,"column":47},"end":{"line":100,"column":73}},"66":{"start":{"line":123,"column":47},"end":{"line":123,"column":65}},"67":{"start":{"line":131,"column":47},"end":{"line":131,"column":66}},"68":{"start":{"line":140,"column":35},"end":{"line":140,"column":50}},"69":{"start":{"line":151,"column":32},"end":{"line":196,"column":38}},"70":{"start":{"line":210,"column":4},"end":{"line":232,"column":5}}},"fnMap":{"0":{"name":"(anonymous_0)","decl":{"start":{"line":10,"column":20},"end":{"line":10,"column":21}},"loc":{"start":{"line":10,"column":26},"end":{"line":233,"column":1}},"line":10},"1":{"name":"(anonymous_1)","decl":{"start":{"line":18,"column":53},"end":{"line":18,"column":54}},"loc":{"start":{"line":18,"column":75},"end":{"line":18,"column":104}},"line":18},"2":{"name":"(anonymous_2)","decl":{"start":{"line":19,"column":50},"end":{"line":19,"column":51}},"loc":{"start":{"line":19,"column":72},"end":{"line":19,"column":100}},"line":19},"3":{"name":"(anonymous_3)","decl":{"start":{"line":20,"column":47},"end":{"line":20,"column":48}},"loc":{"start":{"line":20,"column":69},"end":{"line":20,"column":95}},"line":20},"4":{"name":"(anonymous_4)","decl":{"start":{"line":21,"column":63},"end":{"line":21,"column":64}},"loc":{"start":{"line":21,"column":85},"end":{"line":21,"column":121}},"line":21},"5":{"name":"(anonymous_5)","decl":{"start":{"line":22,"column":60},"end":{"line":22,"column":61}},"loc":{"start":{"line":22,"column":82},"end":{"line":22,"column":117}},"line":22},"6":{"name":"(anonymous_6)","decl":{"start":{"line":23,"column":57},"end":{"line":23,"column":58}},"loc":{"start":{"line":23,"column":79},"end":{"line":23,"column":112}},"line":23},"7":{"name":"(anonymous_7)","decl":{"start":{"line":24,"column":59},"end":{"line":24,"column":60}},"loc":{"start":{"line":24,"column":81},"end":{"line":24,"column":113}},"line":24},"8":{"name":"(anonymous_8)","decl":{"start":{"line":25,"column":56},"end":{"line":25,"column":57}},"loc":{"start":{"line":25,"column":78},"end":{"line":25,"column":109}},"line":25},"9":{"name":"(anonymous_9)","decl":{"start":{"line":26,"column":53},"end":{"line":26,"column":54}},"loc":{"start":{"line":26,"column":75},"end":{"line":26,"column":104}},"line":26},"10":{"name":"(anonymous_10)","decl":{"start":{"line":29,"column":14},"end":{"line":29,"column":15}},"loc":{"start":{"line":29,"column":20},"end":{"line":61,"column":5}},"line":29},"11":{"name":"(anonymous_11)","decl":{"start":{"line":33,"column":47},"end":{"line":33,"column":48}},"loc":{"start":{"line":33,"column":69},"end":{"line":33,"column":106}},"line":33},"12":{"name":"(anonymous_12)","decl":{"start":{"line":52,"column":38},"end":{"line":52,"column":39}},"loc":{"start":{"line":52,"column":60},"end":{"line":59,"column":13}},"line":52},"13":{"name":"(anonymous_13)","decl":{"start":{"line":53,"column":30},"end":{"line":53,"column":31}},"loc":{"start":{"line":53,"column":50},"end":{"line":58,"column":17}},"line":53},"14":{"name":"(anonymous_14)","decl":{"start":{"line":63,"column":29},"end":{"line":63,"column":30}},"loc":{"start":{"line":63,"column":51},"end":{"line":66,"column":5}},"line":63},"15":{"name":"(anonymous_15)","decl":{"start":{"line":68,"column":24},"end":{"line":68,"column":25}},"loc":{"start":{"line":68,"column":43},"end":{"line":71,"column":5}},"line":68},"16":{"name":"(anonymous_16)","decl":{"start":{"line":73,"column":26},"end":{"line":73,"column":27}},"loc":{"start":{"line":73,"column":32},"end":{"line":77,"column":5}},"line":73},"17":{"name":"(anonymous_17)","decl":{"start":{"line":79,"column":20},"end":{"line":79,"column":21}},"loc":{"start":{"line":79,"column":26},"end":{"line":83,"column":5}},"line":79},"18":{"name":"(anonymous_18)","decl":{"start":{"line":85,"column":18},"end":{"line":85,"column":19}},"loc":{"start":{"line":85,"column":24},"end":{"line":89,"column":5}},"line":85},"19":{"name":"(anonymous_19)","decl":{"start":{"line":91,"column":25},"end":{"line":91,"column":26}},"loc":{"start":{"line":91,"column":31},"end":{"line":208,"column":5}},"line":91},"20":{"name":"(anonymous_20)","decl":{"start":{"line":95,"column":35},"end":{"line":95,"column":36}},"loc":{"start":{"line":95,"column":57},"end":{"line":106,"column":21}},"line":95},"21":{"name":"(anonymous_21)","decl":{"start":{"line":100,"column":41},"end":{"line":100,"column":42}},"loc":{"start":{"line":100,"column":47},"end":{"line":100,"column":73}},"line":100},"22":{"name":"(anonymous_22)","decl":{"start":{"line":123,"column":41},"end":{"line":123,"column":42}},"loc":{"start":{"line":123,"column":47},"end":{"line":123,"column":65}},"line":123},"23":{"name":"(anonymous_23)","decl":{"start":{"line":131,"column":41},"end":{"line":131,"column":42}},"loc":{"start":{"line":131,"column":47},"end":{"line":131,"column":66}},"line":131},"24":{"name":"(anonymous_24)","decl":{"start":{"line":140,"column":29},"end":{"line":140,"column":30}},"loc":{"start":{"line":140,"column":35},"end":{"line":140,"column":50}},"line":140},"25":{"name":"(anonymous_25)","decl":{"start":{"line":150,"column":41},"end":{"line":150,"column":42}},"loc":{"start":{"line":151,"column":32},"end":{"line":196,"column":38}},"line":151}},"branchMap":{"0":{"loc":{"start":{"line":31,"column":8},"end":{"line":60,"column":9}},"type":"if","locations":[{"start":{"line":31,"column":8},"end":{"line":60,"column":9}},{"start":{"line":38,"column":13},"end":{"line":60,"column":9}}],"line":31},"1":{"loc":{"start":{"line":31,"column":12},"end":{"line":31,"column":52}},"type":"binary-expr","locations":[{"start":{"line":31,"column":12},"end":{"line":31,"column":35}},{"start":{"line":31,"column":39},"end":{"line":31,"column":52}}],"line":31},"2":{"loc":{"start":{"line":38,"column":13},"end":{"line":60,"column":9}},"type":"if","locations":[{"start":{"line":38,"column":13},"end":{"line":60,"column":9}},{"start":{"line":43,"column":13},"end":{"line":60,"column":9}}],"line":38},"3":{"loc":{"start":{"line":43,"column":13},"end":{"line":60,"column":9}},"type":"if","locations":[{"start":{"line":43,"column":13},"end":{"line":60,"column":9}},{"start":{"line":48,"column":13},"end":{"line":60,"column":9}}],"line":43},"4":{"loc":{"start":{"line":54,"column":20},"end":{"line":56,"column":21}},"type":"if","locations":[{"start":{"line":54,"column":20},"end":{"line":56,"column":21}},{"start":{},"end":{}}],"line":54},"5":{"loc":{"start":{"line":94,"column":17},"end":{"line":107,"column":17}},"type":"binary-expr","locations":[{"start":{"line":94,"column":17},"end":{"line":94,"column":42}},{"start":{"line":94,"column":46},"end":{"line":94,"column":67}},{"start":{"line":95,"column":20},"end":{"line":106,"column":22}}],"line":94},"6":{"loc":{"start":{"line":99,"column":70},"end":{"line":99,"column":133}},"type":"cond-expr","locations":[{"start":{"line":99,"column":102},"end":{"line":99,"column":112}},{"start":{"line":99,"column":115},"end":{"line":99,"column":133}}],"line":99},"7":{"loc":{"start":{"line":122,"column":75},"end":{"line":122,"column":107}},"type":"cond-expr","locations":[{"start":{"line":122,"column":94},"end":{"line":122,"column":102}},{"start":{"line":122,"column":105},"end":{"line":122,"column":107}}],"line":122},"8":{"loc":{"start":{"line":130,"column":75},"end":{"line":130,"column":107}},"type":"cond-expr","locations":[{"start":{"line":130,"column":94},"end":{"line":130,"column":102}},{"start":{"line":130,"column":105},"end":{"line":130,"column":107}}],"line":130},"9":{"loc":{"start":{"line":149,"column":25},"end":{"line":202,"column":25}},"type":"cond-expr","locations":[{"start":{"line":150,"column":28},"end":{"line":197,"column":30}},{"start":{"line":199,"column":28},"end":{"line":201,"column":34}}],"line":149},"10":{"loc":{"start":{"line":155,"column":45},"end":{"line":159,"column":45}},"type":"binary-expr","locations":[{"start":{"line":155,"column":45},"end":{"line":155,"column":71}},{"start":{"line":156,"column":48},"end":{"line":158,"column":55}}],"line":155},"11":{"loc":{"start":{"line":163,"column":45},"end":{"line":175,"column":45}},"type":"binary-expr","locations":[{"start":{"line":163,"column":45},"end":{"line":163,"column":58}},{"start":{"line":164,"column":48},"end":{"line":174,"column":53}}],"line":163},"12":{"loc":{"start":{"line":186,"column":53},"end":{"line":186,"column":98}},"type":"binary-expr","locations":[{"start":{"line":186,"column":53},"end":{"line":186,"column":79}},{"start":{"line":186,"column":83},"end":{"line":186,"column":98}}],"line":186},"13":{"loc":{"start":{"line":218,"column":21},"end":{"line":228,"column":21}},"type":"cond-expr","locations":[{"start":{"line":219,"column":24},"end":{"line":221,"column":30}},{"start":{"line":222,"column":24},"end":{"line":228,"column":21}}],"line":218},"14":{"loc":{"start":{"line":222,"column":24},"end":{"line":228,"column":21}},"type":"cond-expr","locations":[{"start":{"line":223,"column":24},"end":{"line":225,"column":30}},{"start":{"line":227,"column":24},"end":{"line":227,"column":40}}],"line":222}},"s":{"0":2,"1":2,"2":2,"3":2,"4":2,"5":2,"6":2,"7":2,"8":2,"9":3,"10":2,"11":3,"12":2,"13":3,"14":2,"15":3,"16":2,"17":3,"18":2,"19":3,"20":2,"21":3,"22":2,"23":3,"24":2,"25":3,"26":2,"27":1,"28":0,"29":0,"30":0,"31":0,"32":1,"33":0,"34":0,"35":0,"36":1,"37":0,"38":0,"39":0,"40":1,"41":1,"42":1,"43":1,"44":1,"45":1,"46":1,"47":0,"48":2,"49":0,"50":0,"51":2,"52":0,"53":0,"54":2,"55":0,"56":0,"57":0,"58":2,"59":0,"60":2,"61":0,"62":2,"63":2,"64":1,"65":0,"66":0,"67":0,"68":0,"69":1,"70":2},"f":{"0":2,"1":3,"2":3,"3":3,"4":3,"5":3,"6":3,"7":3,"8":3,"9":3,"10":1,"11":0,"12":1,"13":1,"14":0,"15":0,"16":0,"17":0,"18":0,"19":2,"20":1,"21":0,"22":0,"23":0,"24":0,"25":1},"b":{"0":[0,1],"1":[1,0],"2":[0,1],"3":[0,1],"4":[1,0],"5":[2,2,1],"6":[0,1],"7":[0,2],"8":[0,2],"9":[1,1],"10":[1,1],"11":[1,1],"12":[1,0],"13":[0,2],"14":[0,2]},"_coverageSchema":"1a1c01bbd47fc00a2c39e90264f33305004495a9","hash":"80c581d4685e80dad29b16a90ef1af102fb7af85"}
,"C:\\Users\\vtata\\Desktop\\Front-End\\EStoreFrontEnd\\src\\models\\APIResponse.ts": {"path":"C:\\Users\\vtata\\Desktop\\Front-End\\EStoreFrontEnd\\src\\models\\APIResponse.ts","statementMap":{},"fnMap":{},"branchMap":{},"s":{},"f":{},"b":{}}
,"C:\\Users\\vtata\\Desktop\\Front-End\\EStoreFrontEnd\\src\\models\\Dimensions.ts": {"path":"C:\\Users\\vtata\\Desktop\\Front-End\\EStoreFrontEnd\\src\\models\\Dimensions.ts","statementMap":{},"fnMap":{},"branchMap":{},"s":{},"f":{},"b":{}}
,"C:\\Users\\vtata\\Desktop\\Front-End\\EStoreFrontEnd\\src\\models\\Metadata.ts": {"path":"C:\\Users\\vtata\\Desktop\\Front-End\\EStoreFrontEnd\\src\\models\\Metadata.ts","statementMap":{},"fnMap":{},"branchMap":{},"s":{},"f":{},"b":{}}
,"C:\\Users\\vtata\\Desktop\\Front-End\\EStoreFrontEnd\\src\\models\\Product.ts": {"path":"C:\\Users\\vtata\\Desktop\\Front-End\\EStoreFrontEnd\\src\\models\\Product.ts","statementMap":{},"fnMap":{},"branchMap":{},"s":{},"f":{},"b":{}}
,"C:\\Users\\vtata\\Desktop\\Front-End\\EStoreFrontEnd\\src\\models\\Review.ts": {"path":"C:\\Users\\vtata\\Desktop\\Front-End\\EStoreFrontEnd\\src\\models\\Review.ts","statementMap":{},"fnMap":{},"branchMap":{},"s":{},"f":{},"b":{}}
,"C:\\Users\\vtata\\Desktop\\Front-End\\EStoreFrontEnd\\src\\redux-saga\\actions\\ActionTypes.ts": {"path":"C:\\Users\\vtata\\Desktop\\Front-End\\EStoreFrontEnd\\src\\redux-saga\\actions\\ActionTypes.ts","statementMap":{"0":{"start":{"line":1,"column":30},"end":{"line":1,"column":46}},"1":{"start":{"line":2,"column":38},"end":{"line":2,"column":62}},"2":{"start":{"line":3,"column":37},"end":{"line":3,"column":60}},"3":{"start":{"line":4,"column":35},"end":{"line":4,"column":56}},"4":{"start":{"line":5,"column":43},"end":{"line":5,"column":72}},"5":{"start":{"line":6,"column":42},"end":{"line":6,"column":70}},"6":{"start":{"line":7,"column":36},"end":{"line":7,"column":58}},"7":{"start":{"line":8,"column":44},"end":{"line":8,"column":74}},"8":{"start":{"line":9,"column":43},"end":{"line":9,"column":72}},"9":{"start":{"line":10,"column":42},"end":{"line":10,"column":70}},"10":{"start":{"line":11,"column":50},"end":{"line":11,"column":86}},"11":{"start":{"line":12,"column":49},"end":{"line":12,"column":84}},"12":{"start":{"line":13,"column":37},"end":{"line":13,"column":60}},"13":{"start":{"line":14,"column":45},"end":{"line":14,"column":76}},"14":{"start":{"line":15,"column":44},"end":{"line":15,"column":74}},"15":{"start":{"line":16,"column":35},"end":{"line":16,"column":56}},"16":{"start":{"line":17,"column":43},"end":{"line":17,"column":72}},"17":{"start":{"line":18,"column":42},"end":{"line":18,"column":70}}},"fnMap":{},"branchMap":{},"s":{"0":3,"1":3,"2":3,"3":3,"4":3,"5":3,"6":3,"7":3,"8":3,"9":3,"10":3,"11":3,"12":3,"13":3,"14":3,"15":3,"16":3,"17":3},"f":{},"b":{},"_coverageSchema":"1a1c01bbd47fc00a2c39e90264f33305004495a9","hash":"ebe92baa6cf9f6d4a1dd7b15e8047bfe414411b3"}
,"C:\\Users\\vtata\\Desktop\\Front-End\\EStoreFrontEnd\\src\\redux-saga\\actions\\Actions.ts": {"path":"C:\\Users\\vtata\\Desktop\\Front-End\\EStoreFrontEnd\\src\\redux-saga\\actions\\Actions.ts","statementMap":{},"fnMap":{},"branchMap":{},"s":{},"f":{},"b":{}}
,"C:\\Users\\vtata\\Desktop\\Front-End\\EStoreFrontEnd\\src\\redux-saga\\reducers\\getAllProductsReducer.ts": {"path":"C:\\Users\\vtata\\Desktop\\Front-End\\EStoreFrontEnd\\src\\redux-saga\\reducers\\getAllProductsReducer.ts","statementMap":{"0":{"start":{"line":11,"column":28},"end":{"line":15,"column":1}},"1":{"start":{"line":17,"column":37},"end":{"line":39,"column":1}},"2":{"start":{"line":18,"column":4},"end":{"line":38,"column":5}},"3":{"start":{"line":20,"column":12},"end":{"line":23,"column":14}},"4":{"start":{"line":25,"column":12},"end":{"line":29,"column":14}},"5":{"start":{"line":31,"column":12},"end":{"line":35,"column":14}},"6":{"start":{"line":37,"column":12},"end":{"line":37,"column":25}}},"fnMap":{"0":{"name":"(anonymous_0)","decl":{"start":{"line":17,"column":37},"end":{"line":17,"column":38}},"loc":{"start":{"line":17,"column":91},"end":{"line":39,"column":1}},"line":17}},"branchMap":{"0":{"loc":{"start":{"line":17,"column":38},"end":{"line":17,"column":58}},"type":"default-arg","locations":[{"start":{"line":17,"column":46},"end":{"line":17,"column":58}}],"line":17},"1":{"loc":{"start":{"line":18,"column":4},"end":{"line":38,"column":5}},"type":"switch","locations":[{"start":{"line":19,"column":8},"end":{"line":23,"column":14}},{"start":{"line":24,"column":8},"end":{"line":29,"column":14}},{"start":{"line":30,"column":8},"end":{"line":35,"column":14}},{"start":{"line":36,"column":8},"end":{"line":37,"column":25}}],"line":18}},"s":{"0":0,"1":0,"2":0,"3":0,"4":0,"5":0,"6":0},"f":{"0":0},"b":{"0":[0],"1":[0,0,0,0]}}
,"C:\\Users\\vtata\\Desktop\\Front-End\\EStoreFrontEnd\\src\\redux-saga\\reducers\\getProducBySkuReducer.ts": {"path":"C:\\Users\\vtata\\Desktop\\Front-End\\EStoreFrontEnd\\src\\redux-saga\\reducers\\getProducBySkuReducer.ts","statementMap":{"0":{"start":{"line":11,"column":28},"end":{"line":15,"column":1}},"1":{"start":{"line":17,"column":38},"end":{"line":39,"column":1}},"2":{"start":{"line":18,"column":4},"end":{"line":38,"column":5}},"3":{"start":{"line":20,"column":12},"end":{"line":23,"column":14}},"4":{"start":{"line":25,"column":12},"end":{"line":29,"column":14}},"5":{"start":{"line":31,"column":12},"end":{"line":35,"column":14}},"6":{"start":{"line":37,"column":12},"end":{"line":37,"column":25}}},"fnMap":{"0":{"name":"(anonymous_0)","decl":{"start":{"line":17,"column":38},"end":{"line":17,"column":39}},"loc":{"start":{"line":17,"column":92},"end":{"line":39,"column":1}},"line":17}},"branchMap":{"0":{"loc":{"start":{"line":17,"column":39},"end":{"line":17,"column":59}},"type":"default-arg","locations":[{"start":{"line":17,"column":47},"end":{"line":17,"column":59}}],"line":17},"1":{"loc":{"start":{"line":18,"column":4},"end":{"line":38,"column":5}},"type":"switch","locations":[{"start":{"line":19,"column":8},"end":{"line":23,"column":14}},{"start":{"line":24,"column":8},"end":{"line":29,"column":14}},{"start":{"line":30,"column":8},"end":{"line":35,"column":14}},{"start":{"line":36,"column":8},"end":{"line":37,"column":25}}],"line":18}},"s":{"0":0,"1":0,"2":0,"3":0,"4":0,"5":0,"6":0},"f":{"0":0},"b":{"0":[0],"1":[0,0,0,0]}}
,"C:\\Users\\vtata\\Desktop\\Front-End\\EStoreFrontEnd\\src\\redux-saga\\reducers\\getProductByIdReducer.ts": {"path":"C:\\Users\\vtata\\Desktop\\Front-End\\EStoreFrontEnd\\src\\redux-saga\\reducers\\getProductByIdReducer.ts","statementMap":{"0":{"start":{"line":11,"column":28},"end":{"line":15,"column":1}},"1":{"start":{"line":17,"column":37},"end":{"line":39,"column":1}},"2":{"start":{"line":18,"column":4},"end":{"line":38,"column":5}},"3":{"start":{"line":20,"column":12},"end":{"line":23,"column":14}},"4":{"start":{"line":25,"column":12},"end":{"line":29,"column":14}},"5":{"start":{"line":31,"column":12},"end":{"line":35,"column":14}},"6":{"start":{"line":37,"column":12},"end":{"line":37,"column":25}}},"fnMap":{"0":{"name":"(anonymous_0)","decl":{"start":{"line":17,"column":37},"end":{"line":17,"column":38}},"loc":{"start":{"line":17,"column":91},"end":{"line":39,"column":1}},"line":17}},"branchMap":{"0":{"loc":{"start":{"line":17,"column":38},"end":{"line":17,"column":58}},"type":"default-arg","locations":[{"start":{"line":17,"column":46},"end":{"line":17,"column":58}}],"line":17},"1":{"loc":{"start":{"line":18,"column":4},"end":{"line":38,"column":5}},"type":"switch","locations":[{"start":{"line":19,"column":8},"end":{"line":23,"column":14}},{"start":{"line":24,"column":8},"end":{"line":29,"column":14}},{"start":{"line":30,"column":8},"end":{"line":35,"column":14}},{"start":{"line":36,"column":8},"end":{"line":37,"column":25}}],"line":18}},"s":{"0":0,"1":0,"2":0,"3":0,"4":0,"5":0,"6":0},"f":{"0":0},"b":{"0":[0],"1":[0,0,0,0]}}
,"C:\\Users\\vtata\\Desktop\\Front-End\\EStoreFrontEnd\\src\\redux-saga\\reducers\\getProductsByCategory.ts": {"path":"C:\\Users\\vtata\\Desktop\\Front-End\\EStoreFrontEnd\\src\\redux-saga\\reducers\\getProductsByCategory.ts","statementMap":{"0":{"start":{"line":11,"column":28},"end":{"line":15,"column":1}},"1":{"start":{"line":17,"column":37},"end":{"line":39,"column":1}},"2":{"start":{"line":18,"column":4},"end":{"line":38,"column":5}},"3":{"start":{"line":20,"column":12},"end":{"line":23,"column":14}},"4":{"start":{"line":25,"column":12},"end":{"line":29,"column":14}},"5":{"start":{"line":31,"column":12},"end":{"line":35,"column":14}},"6":{"start":{"line":37,"column":12},"end":{"line":37,"column":25}}},"fnMap":{"0":{"name":"(anonymous_0)","decl":{"start":{"line":17,"column":37},"end":{"line":17,"column":38}},"loc":{"start":{"line":17,"column":91},"end":{"line":39,"column":1}},"line":17}},"branchMap":{"0":{"loc":{"start":{"line":17,"column":38},"end":{"line":17,"column":58}},"type":"default-arg","locations":[{"start":{"line":17,"column":46},"end":{"line":17,"column":58}}],"line":17},"1":{"loc":{"start":{"line":18,"column":4},"end":{"line":38,"column":5}},"type":"switch","locations":[{"start":{"line":19,"column":8},"end":{"line":23,"column":14}},{"start":{"line":24,"column":8},"end":{"line":29,"column":14}},{"start":{"line":30,"column":8},"end":{"line":35,"column":14}},{"start":{"line":36,"column":8},"end":{"line":37,"column":25}}],"line":18}},"s":{"0":0,"1":0,"2":0,"3":0,"4":0,"5":0,"6":0},"f":{"0":0},"b":{"0":[0],"1":[0,0,0,0]}}
,"C:\\Users\\vtata\\Desktop\\Front-End\\EStoreFrontEnd\\src\\redux-saga\\reducers\\getSortedByReducer.ts": {"path":"C:\\Users\\vtata\\Desktop\\Front-End\\EStoreFrontEnd\\src\\redux-saga\\reducers\\getSortedByReducer.ts","statementMap":{"0":{"start":{"line":11,"column":28},"end":{"line":15,"column":1}},"1":{"start":{"line":17,"column":40},"end":{"line":39,"column":1}},"2":{"start":{"line":18,"column":4},"end":{"line":38,"column":5}},"3":{"start":{"line":20,"column":12},"end":{"line":23,"column":14}},"4":{"start":{"line":25,"column":12},"end":{"line":29,"column":14}},"5":{"start":{"line":31,"column":12},"end":{"line":35,"column":14}},"6":{"start":{"line":37,"column":12},"end":{"line":37,"column":25}}},"fnMap":{"0":{"name":"(anonymous_0)","decl":{"start":{"line":17,"column":40},"end":{"line":17,"column":41}},"loc":{"start":{"line":17,"column":94},"end":{"line":39,"column":1}},"line":17}},"branchMap":{"0":{"loc":{"start":{"line":17,"column":41},"end":{"line":17,"column":61}},"type":"default-arg","locations":[{"start":{"line":17,"column":49},"end":{"line":17,"column":61}}],"line":17},"1":{"loc":{"start":{"line":18,"column":4},"end":{"line":38,"column":5}},"type":"switch","locations":[{"start":{"line":19,"column":8},"end":{"line":23,"column":14}},{"start":{"line":24,"column":8},"end":{"line":29,"column":14}},{"start":{"line":30,"column":8},"end":{"line":35,"column":14}},{"start":{"line":36,"column":8},"end":{"line":37,"column":25}}],"line":18}},"s":{"0":0,"1":0,"2":0,"3":0,"4":0,"5":0,"6":0},"f":{"0":0},"b":{"0":[0],"1":[0,0,0,0]}}
,"C:\\Users\\vtata\\Desktop\\Front-End\\EStoreFrontEnd\\src\\redux-saga\\reducers\\loadAllProductsReducer.ts": {"path":"C:\\Users\\vtata\\Desktop\\Front-End\\EStoreFrontEnd\\src\\redux-saga\\reducers\\loadAllProductsReducer.ts","statementMap":{"0":{"start":{"line":10,"column":28},"end":{"line":14,"column":1}},"1":{"start":{"line":16,"column":38},"end":{"line":38,"column":1}},"2":{"start":{"line":17,"column":4},"end":{"line":37,"column":5}},"3":{"start":{"line":19,"column":12},"end":{"line":22,"column":14}},"4":{"start":{"line":24,"column":12},"end":{"line":28,"column":14}},"5":{"start":{"line":30,"column":12},"end":{"line":34,"column":14}},"6":{"start":{"line":36,"column":12},"end":{"line":36,"column":25}}},"fnMap":{"0":{"name":"(anonymous_0)","decl":{"start":{"line":16,"column":38},"end":{"line":16,"column":39}},"loc":{"start":{"line":16,"column":92},"end":{"line":38,"column":1}},"line":16}},"branchMap":{"0":{"loc":{"start":{"line":16,"column":39},"end":{"line":16,"column":59}},"type":"default-arg","locations":[{"start":{"line":16,"column":47},"end":{"line":16,"column":59}}],"line":16},"1":{"loc":{"start":{"line":17,"column":4},"end":{"line":37,"column":5}},"type":"switch","locations":[{"start":{"line":18,"column":8},"end":{"line":22,"column":14}},{"start":{"line":23,"column":8},"end":{"line":28,"column":14}},{"start":{"line":29,"column":8},"end":{"line":34,"column":14}},{"start":{"line":35,"column":8},"end":{"line":36,"column":25}}],"line":17}},"s":{"0":0,"1":0,"2":0,"3":0,"4":0,"5":0,"6":0},"f":{"0":0},"b":{"0":[0],"1":[0,0,0,0]}}
,"C:\\Users\\vtata\\Desktop\\Front-End\\EStoreFrontEnd\\src\\redux-saga\\reducers\\rootReducer.ts": {"path":"C:\\Users\\vtata\\Desktop\\Front-End\\EStoreFrontEnd\\src\\redux-saga\\reducers\\rootReducer.ts","statementMap":{"0":{"start":{"line":9,"column":20},"end":{"line":16,"column":2}}},"fnMap":{},"branchMap":{},"s":{"0":0},"f":{},"b":{}}
,"C:\\Users\\vtata\\Desktop\\Front-End\\EStoreFrontEnd\\src\\redux-saga\\sagas\\productsSaga.ts": {"path":"C:\\Users\\vtata\\Desktop\\Front-End\\EStoreFrontEnd\\src\\redux-saga\\sagas\\productsSaga.ts","statementMap":{"0":{"start":{"line":9,"column":4},"end":{"line":23,"column":5}},"1":{"start":{"line":10,"column":49},"end":{"line":10,"column":91}},"2":{"start":{"line":12,"column":8},"end":{"line":15,"column":10}},"3":{"start":{"line":18,"column":22},"end":{"line":18,"column":41}},"4":{"start":{"line":19,"column":8},"end":{"line":22,"column":10}},"5":{"start":{"line":27,"column":4},"end":{"line":41,"column":5}},"6":{"start":{"line":28,"column":25},"end":{"line":28,"column":86}},"7":{"start":{"line":30,"column":8},"end":{"line":33,"column":10}},"8":{"start":{"line":36,"column":22},"end":{"line":36,"column":41}},"9":{"start":{"line":37,"column":8},"end":{"line":40,"column":10}},"10":{"start":{"line":45,"column":4},"end":{"line":59,"column":5}},"11":{"start":{"line":46,"column":25},"end":{"line":46,"column":93}},"12":{"start":{"line":48,"column":8},"end":{"line":51,"column":10}},"13":{"start":{"line":54,"column":22},"end":{"line":54,"column":41}},"14":{"start":{"line":55,"column":8},"end":{"line":58,"column":10}},"15":{"start":{"line":63,"column":4},"end":{"line":77,"column":5}},"16":{"start":{"line":64,"column":25},"end":{"line":64,"column":87}},"17":{"start":{"line":66,"column":8},"end":{"line":69,"column":10}},"18":{"start":{"line":72,"column":22},"end":{"line":72,"column":41}},"19":{"start":{"line":73,"column":8},"end":{"line":76,"column":10}},"20":{"start":{"line":81,"column":4},"end":{"line":95,"column":5}},"21":{"start":{"line":82,"column":25},"end":{"line":82,"column":91}},"22":{"start":{"line":84,"column":8},"end":{"line":87,"column":10}},"23":{"start":{"line":90,"column":21},"end":{"line":90,"column":40}},"24":{"start":{"line":91,"column":8},"end":{"line":94,"column":10}},"25":{"start":{"line":99,"column":4},"end":{"line":112,"column":5}},"26":{"start":{"line":100,"column":8},"end":{"line":100,"column":56}},"27":{"start":{"line":102,"column":8},"end":{"line":104,"column":10}},"28":{"start":{"line":107,"column":22},"end":{"line":107,"column":41}},"29":{"start":{"line":108,"column":8},"end":{"line":111,"column":10}},"30":{"start":{"line":116,"column":4},"end":{"line":116,"column":56}},"31":{"start":{"line":117,"column":4},"end":{"line":117,"column":61}},"32":{"start":{"line":118,"column":4},"end":{"line":118,"column":75}},"33":{"start":{"line":119,"column":4},"end":{"line":119,"column":63}},"34":{"start":{"line":120,"column":4},"end":{"line":120,"column":66}},"35":{"start":{"line":121,"column":4},"end":{"line":121,"column":63}}},"fnMap":{"0":{"name":"getAllProductsSaga","decl":{"start":{"line":8,"column":10},"end":{"line":8,"column":28}},"loc":{"start":{"line":8,"column":79},"end":{"line":24,"column":1}},"line":8},"1":{"name":"getProductByIdSaga","decl":{"start":{"line":26,"column":10},"end":{"line":26,"column":28}},"loc":{"start":{"line":26,"column":118},"end":{"line":42,"column":1}},"line":26},"2":{"name":"getProductsByCategorySaga","decl":{"start":{"line":44,"column":10},"end":{"line":44,"column":35}},"loc":{"start":{"line":44,"column":127},"end":{"line":60,"column":1}},"line":44},"3":{"name":"getProductBySkuSaga","decl":{"start":{"line":62,"column":10},"end":{"line":62,"column":29}},"loc":{"start":{"line":62,"column":119},"end":{"line":78,"column":1}},"line":62},"4":{"name":"getSortedProductsSaga","decl":{"start":{"line":80,"column":10},"end":{"line":80,"column":31}},"loc":{"start":{"line":80,"column":123},"end":{"line":96,"column":1}},"line":80},"5":{"name":"loadProductsToDbSaga","decl":{"start":{"line":98,"column":10},"end":{"line":98,"column":30}},"loc":{"start":{"line":98,"column":63},"end":{"line":113,"column":1}},"line":98},"6":{"name":"productsSaga","decl":{"start":{"line":115,"column":17},"end":{"line":115,"column":29}},"loc":{"start":{"line":115,"column":63},"end":{"line":122,"column":1}},"line":115}},"branchMap":{},"s":{"0":0,"1":0,"2":0,"3":0,"4":0,"5":0,"6":0,"7":0,"8":0,"9":0,"10":0,"11":0,"12":0,"13":0,"14":0,"15":0,"16":0,"17":0,"18":0,"19":0,"20":0,"21":0,"22":0,"23":0,"24":0,"25":0,"26":0,"27":0,"28":0,"29":0,"30":0,"31":0,"32":0,"33":0,"34":0,"35":0},"f":{"0":0,"1":0,"2":0,"3":0,"4":0,"5":0,"6":0},"b":{}}
,"C:\\Users\\vtata\\Desktop\\Front-End\\EStoreFrontEnd\\src\\redux-saga\\sagas\\rootSaga.ts": {"path":"C:\\Users\\vtata\\Desktop\\Front-End\\EStoreFrontEnd\\src\\redux-saga\\sagas\\rootSaga.ts","statementMap":{"0":{"start":{"line":5,"column":4},"end":{"line":5,"column":32}}},"fnMap":{"0":{"name":"rootSaga","decl":{"start":{"line":4,"column":10},"end":{"line":4,"column":18}},"loc":{"start":{"line":4,"column":20},"end":{"line":6,"column":1}},"line":4}},"branchMap":{},"s":{"0":0},"f":{"0":0},"b":{}}
,"C:\\Users\\vtata\\Desktop\\Front-End\\EStoreFrontEnd\\src\\redux-saga\\store\\Store.ts": {"path":"C:\\Users\\vtata\\Desktop\\Front-End\\EStoreFrontEnd\\src\\redux-saga\\store\\Store.ts","statementMap":{"0":{"start":{"line":6,"column":23},"end":{"line":6,"column":45}},"1":{"start":{"line":7,"column":19},"end":{"line":7,"column":50}},"2":{"start":{"line":9,"column":14},"end":{"line":9,"column":61}},"3":{"start":{"line":11,"column":0},"end":{"line":11,"column":29}}},"fnMap":{},"branchMap":{},"s":{"0":0,"1":0,"2":0,"3":0},"f":{},"b":{}}
}
