TN:
SF:src\App.tsx
FN:12,App
FN:15,(anonymous_1)
FN:17,(anonymous_2)
FN:21,(anonymous_3)
FN:27,(anonymous_4)
FNF:5
FNH:5
FNDA:10,App
FNDA:16,(anonymous_1)
FNDA:16,(anonymous_2)
FNDA:6,(anonymous_3)
FNDA:6,(anonymous_4)
DA:13,10
DA:15,16
DA:17,16
DA:19,10
DA:21,10
DA:22,6
DA:23,4
DA:27,10
DA:28,6
DA:29,4
DA:30,4
DA:34,10
DA:35,1
DA:42,9
DA:43,8
DA:50,1
LF:16
LH:16
BRDA:22,0,0,4
BRDA:22,0,1,2
BRDA:22,1,0,6
BRDA:22,1,1,5
BRDA:28,2,0,4
BRDA:28,2,1,2
BRDA:28,3,0,6
BRDA:28,3,1,5
BRDA:28,3,2,4
BRDA:34,4,0,1
BRDA:34,4,1,9
BRDA:34,5,0,10
BRDA:34,5,1,9
BRDA:42,6,0,8
BRDA:42,6,1,1
BRF:15
BRH:15
end_of_record
TN:
SF:src\main.tsx
FNF:0
FNH:0
DA:13,0
LF:1
LH:0
BRF:0
BRH:0
end_of_record
TN:
SF:src\api\ProductsApiService.ts
FN:9,(anonymous_0)
FN:14,(anonymous_1)
FN:18,(anonymous_2)
FN:22,(anonymous_3)
FN:26,(anonymous_4)
FN:30,(anonymous_5)
FN:34,(anonymous_6)
FNF:7
FNH:7
FNDA:5,(anonymous_0)
FNDA:1,(anonymous_1)
FNDA:1,(anonymous_2)
FNDA:1,(anonymous_3)
FNDA:1,(anonymous_4)
FNDA:1,(anonymous_5)
FNDA:2,(anonymous_6)
DA:5,1
DA:10,5
DA:11,5
DA:15,1
DA:19,1
DA:23,1
DA:27,1
DA:31,1
DA:35,2
DA:36,1
LF:10
LH:10
BRF:0
BRH:0
end_of_record
TN:
SF:src\components\Layout\Layout.tsx
FN:8,(anonymous_0)
FNF:1
FNH:1
FNDA:2,(anonymous_0)
DA:8,3
DA:10,2
LF:2
LH:2
BRF:0
BRH:0
end_of_record
TN:
SF:src\components\Navbar\Navbar.tsx
FN:5,(anonymous_0)
FNF:1
FNH:1
FNDA:4,(anonymous_0)
DA:5,3
DA:7,4
LF:2
LH:2
BRF:0
BRH:0
end_of_record
TN:
SF:src\components\ProductDetail\ProductDetail.tsx
FN:12,(anonymous_0)
FN:18,(anonymous_1)
FN:19,(anonymous_2)
FN:20,(anonymous_3)
FN:22,(anonymous_4)
FN:28,(anonymous_5)
FN:35,(anonymous_6)
FN:41,(anonymous_7)
FN:47,(anonymous_8)
FN:50,(anonymous_9)
FN:58,(anonymous_10)
FN:119,(anonymous_11)
FN:127,(anonymous_12)
FN:147,(anonymous_13)
FN:168,(anonymous_14)
FNF:15
FNH:5
FNDA:4,(anonymous_0)
FNDA:0,(anonymous_1)
FNDA:0,(anonymous_2)
FNDA:0,(anonymous_3)
FNDA:2,(anonymous_4)
FNDA:2,(anonymous_5)
FNDA:0,(anonymous_6)
FNDA:2,(anonymous_7)
FNDA:2,(anonymous_8)
FNDA:0,(anonymous_9)
FNDA:0,(anonymous_10)
FNDA:0,(anonymous_11)
FNDA:0,(anonymous_12)
FNDA:0,(anonymous_13)
FNDA:0,(anonymous_14)
DA:12,3
DA:13,4
DA:14,4
DA:15,4
DA:16,4
DA:17,4
DA:18,4
DA:19,4
DA:20,4
DA:22,4
DA:23,2
DA:24,0
DA:28,4
DA:29,2
DA:30,2
DA:31,2
DA:32,2
DA:35,4
DA:36,0
DA:41,4
DA:42,2
DA:47,4
DA:48,2
DA:50,2
DA:51,0
DA:53,2
DA:59,0
DA:119,0
DA:127,0
DA:148,0
DA:169,0
DA:196,4
LF:32
LH:24
BRDA:23,0,0,0
BRDA:23,0,1,2
BRDA:58,1,0,0
BRDA:58,1,1,2
BRDA:73,2,0,0
BRDA:73,2,1,2
BRDA:79,3,0,2
BRDA:79,3,1,0
BRDA:98,4,0,2
BRDA:98,4,1,0
BRDA:98,4,2,0
BRDA:98,4,3,0
BRDA:98,4,4,0
BRDA:118,5,0,2
BRDA:118,5,1,0
BRDA:126,6,0,0
BRDA:126,6,1,2
BRDA:135,7,0,2
BRDA:135,7,1,2
BRDA:142,8,0,2
BRDA:142,8,1,0
BRDA:146,9,0,0
BRDA:146,9,1,0
BRDA:171,10,0,0
BRDA:171,10,1,0
BRDA:198,11,0,2
BRDA:198,11,1,2
BRDA:200,12,0,0
BRDA:200,12,1,2
BRF:29
BRH:13
end_of_record
TN:
SF:src\components\ProductList\ProductList.tsx
FN:10,(anonymous_0)
FN:18,(anonymous_1)
FN:19,(anonymous_2)
FN:20,(anonymous_3)
FN:21,(anonymous_4)
FN:22,(anonymous_5)
FN:23,(anonymous_6)
FN:24,(anonymous_7)
FN:25,(anonymous_8)
FN:26,(anonymous_9)
FN:29,(anonymous_10)
FN:33,(anonymous_11)
FN:52,(anonymous_12)
FN:53,(anonymous_13)
FN:63,(anonymous_14)
FN:68,(anonymous_15)
FN:73,(anonymous_16)
FN:79,(anonymous_17)
FN:85,(anonymous_18)
FN:91,(anonymous_19)
FN:95,(anonymous_20)
FN:100,(anonymous_21)
FN:123,(anonymous_22)
FN:131,(anonymous_23)
FN:140,(anonymous_24)
FN:150,(anonymous_25)
FNF:26
FNH:16
FNDA:2,(anonymous_0)
FNDA:3,(anonymous_1)
FNDA:3,(anonymous_2)
FNDA:3,(anonymous_3)
FNDA:3,(anonymous_4)
FNDA:3,(anonymous_5)
FNDA:3,(anonymous_6)
FNDA:3,(anonymous_7)
FNDA:3,(anonymous_8)
FNDA:3,(anonymous_9)
FNDA:1,(anonymous_10)
FNDA:0,(anonymous_11)
FNDA:1,(anonymous_12)
FNDA:1,(anonymous_13)
FNDA:0,(anonymous_14)
FNDA:0,(anonymous_15)
FNDA:0,(anonymous_16)
FNDA:0,(anonymous_17)
FNDA:0,(anonymous_18)
FNDA:2,(anonymous_19)
FNDA:1,(anonymous_20)
FNDA:0,(anonymous_21)
FNDA:0,(anonymous_22)
FNDA:0,(anonymous_23)
FNDA:0,(anonymous_24)
FNDA:1,(anonymous_25)
DA:10,2
DA:11,2
DA:12,2
DA:13,2
DA:14,2
DA:15,2
DA:16,2
DA:17,2
DA:18,3
DA:19,3
DA:20,3
DA:21,3
DA:22,3
DA:23,3
DA:24,3
DA:25,3
DA:26,3
DA:29,2
DA:31,1
DA:32,0
DA:33,0
DA:35,0
DA:36,0
DA:38,1
DA:39,0
DA:40,0
DA:41,0
DA:43,1
DA:44,0
DA:45,0
DA:46,0
DA:49,1
DA:50,1
DA:51,1
DA:52,1
DA:53,1
DA:54,1
DA:55,1
DA:57,0
DA:63,2
DA:64,0
DA:65,0
DA:68,2
DA:69,0
DA:70,0
DA:73,2
DA:74,0
DA:75,0
DA:76,0
DA:79,2
DA:80,0
DA:85,2
DA:86,0
DA:91,2
DA:92,2
DA:96,1
DA:100,0
DA:123,0
DA:131,0
DA:140,0
DA:151,1
DA:210,2
LF:62
LH:38
BRDA:31,0,0,0
BRDA:31,0,1,1
BRDA:31,1,0,1
BRDA:31,1,1,0
BRDA:38,2,0,0
BRDA:38,2,1,1
BRDA:43,3,0,0
BRDA:43,3,1,1
BRDA:54,4,0,1
BRDA:54,4,1,0
BRDA:94,5,0,2
BRDA:94,5,1,2
BRDA:94,5,2,1
BRDA:99,6,0,0
BRDA:99,6,1,1
BRDA:122,7,0,0
BRDA:122,7,1,2
BRDA:130,8,0,0
BRDA:130,8,1,2
BRDA:149,9,0,1
BRDA:149,9,1,1
BRDA:155,10,0,1
BRDA:155,10,1,1
BRDA:163,11,0,1
BRDA:163,11,1,1
BRDA:186,12,0,1
BRDA:186,12,1,0
BRDA:218,13,0,0
BRDA:218,13,1,2
BRDA:222,14,0,0
BRDA:222,14,1,2
BRF:31
BRH:20
end_of_record
TN:
SF:src\models\APIResponse.ts
FNF:0
FNH:0
LF:0
LH:0
BRF:0
BRH:0
end_of_record
TN:
SF:src\models\Dimensions.ts
FNF:0
FNH:0
LF:0
LH:0
BRF:0
BRH:0
end_of_record
TN:
SF:src\models\Metadata.ts
FNF:0
FNH:0
LF:0
LH:0
BRF:0
BRH:0
end_of_record
TN:
SF:src\models\Product.ts
FNF:0
FNH:0
LF:0
LH:0
BRF:0
BRH:0
end_of_record
TN:
SF:src\models\Review.ts
FNF:0
FNH:0
LF:0
LH:0
BRF:0
BRH:0
end_of_record
TN:
SF:src\redux-saga\actions\ActionTypes.ts
FNF:0
FNH:0
DA:1,3
DA:2,3
DA:3,3
DA:4,3
DA:5,3
DA:6,3
DA:7,3
DA:8,3
DA:9,3
DA:10,3
DA:11,3
DA:12,3
DA:13,3
DA:14,3
DA:15,3
DA:16,3
DA:17,3
DA:18,3
LF:18
LH:18
BRF:0
BRH:0
end_of_record
TN:
SF:src\redux-saga\actions\Actions.ts
FNF:0
FNH:0
LF:0
LH:0
BRF:0
BRH:0
end_of_record
TN:
SF:src\redux-saga\reducers\getAllProductsReducer.ts
FN:17,(anonymous_0)
FNF:1
FNH:0
FNDA:0,(anonymous_0)
DA:11,0
DA:17,0
DA:18,0
DA:20,0
DA:25,0
DA:31,0
DA:37,0
LF:7
LH:0
BRDA:17,0,0,0
BRDA:18,1,0,0
BRDA:18,1,1,0
BRDA:18,1,2,0
BRDA:18,1,3,0
BRF:5
BRH:0
end_of_record
TN:
SF:src\redux-saga\reducers\getProducBySkuReducer.ts
FN:17,(anonymous_0)
FNF:1
FNH:0
FNDA:0,(anonymous_0)
DA:11,0
DA:17,0
DA:18,0
DA:20,0
DA:25,0
DA:31,0
DA:37,0
LF:7
LH:0
BRDA:17,0,0,0
BRDA:18,1,0,0
BRDA:18,1,1,0
BRDA:18,1,2,0
BRDA:18,1,3,0
BRF:5
BRH:0
end_of_record
TN:
SF:src\redux-saga\reducers\getProductByIdReducer.ts
FN:17,(anonymous_0)
FNF:1
FNH:0
FNDA:0,(anonymous_0)
DA:11,0
DA:17,0
DA:18,0
DA:20,0
DA:25,0
DA:31,0
DA:37,0
LF:7
LH:0
BRDA:17,0,0,0
BRDA:18,1,0,0
BRDA:18,1,1,0
BRDA:18,1,2,0
BRDA:18,1,3,0
BRF:5
BRH:0
end_of_record
TN:
SF:src\redux-saga\reducers\getProductsByCategory.ts
FN:17,(anonymous_0)
FNF:1
FNH:0
FNDA:0,(anonymous_0)
DA:11,0
DA:17,0
DA:18,0
DA:20,0
DA:25,0
DA:31,0
DA:37,0
LF:7
LH:0
BRDA:17,0,0,0
BRDA:18,1,0,0
BRDA:18,1,1,0
BRDA:18,1,2,0
BRDA:18,1,3,0
BRF:5
BRH:0
end_of_record
TN:
SF:src\redux-saga\reducers\getSortedByReducer.ts
FN:17,(anonymous_0)
FNF:1
FNH:0
FNDA:0,(anonymous_0)
DA:11,0
DA:17,0
DA:18,0
DA:20,0
DA:25,0
DA:31,0
DA:37,0
LF:7
LH:0
BRDA:17,0,0,0
BRDA:18,1,0,0
BRDA:18,1,1,0
BRDA:18,1,2,0
BRDA:18,1,3,0
BRF:5
BRH:0
end_of_record
TN:
SF:src\redux-saga\reducers\loadAllProductsReducer.ts
FN:16,(anonymous_0)
FNF:1
FNH:0
FNDA:0,(anonymous_0)
DA:10,0
DA:16,0
DA:17,0
DA:19,0
DA:24,0
DA:30,0
DA:36,0
LF:7
LH:0
BRDA:16,0,0,0
BRDA:17,1,0,0
BRDA:17,1,1,0
BRDA:17,1,2,0
BRDA:17,1,3,0
BRF:5
BRH:0
end_of_record
TN:
SF:src\redux-saga\reducers\rootReducer.ts
FNF:0
FNH:0
DA:9,0
LF:1
LH:0
BRF:0
BRH:0
end_of_record
TN:
SF:src\redux-saga\sagas\productsSaga.ts
FN:8,getAllProductsSaga
FN:26,getProductByIdSaga
FN:44,getProductsByCategorySaga
FN:62,getProductBySkuSaga
FN:80,getSortedProductsSaga
FN:98,loadProductsToDbSaga
FN:115,productsSaga
FNF:7
FNH:0
FNDA:0,getAllProductsSaga
FNDA:0,getProductByIdSaga
FNDA:0,getProductsByCategorySaga
FNDA:0,getProductBySkuSaga
FNDA:0,getSortedProductsSaga
FNDA:0,loadProductsToDbSaga
FNDA:0,productsSaga
DA:9,0
DA:10,0
DA:12,0
DA:18,0
DA:19,0
DA:27,0
DA:28,0
DA:30,0
DA:36,0
DA:37,0
DA:45,0
DA:46,0
DA:48,0
DA:54,0
DA:55,0
DA:63,0
DA:64,0
DA:66,0
DA:72,0
DA:73,0
DA:81,0
DA:82,0
DA:84,0
DA:90,0
DA:91,0
DA:99,0
DA:100,0
DA:102,0
DA:107,0
DA:108,0
DA:116,0
DA:117,0
DA:118,0
DA:119,0
DA:120,0
DA:121,0
LF:36
LH:0
BRF:0
BRH:0
end_of_record
TN:
SF:src\redux-saga\sagas\rootSaga.ts
FN:4,rootSaga
FNF:1
FNH:0
FNDA:0,rootSaga
DA:5,0
LF:1
LH:0
BRF:0
BRH:0
end_of_record
TN:
SF:src\redux-saga\store\Store.ts
FNF:0
FNH:0
DA:6,0
DA:7,0
DA:9,0
DA:11,0
LF:4
LH:0
BRF:0
BRH:0
end_of_record
